xcode-select: error: tool 'xcodebuild' requires Xcode, but active developer directory '/Library/Developer/CommandLineTools' is a command line tools instance

xcode-select: error: tool 'xcodebuild' requires Xcode, but active developer directory '/Library/Developer/CommandLineTools' is a command line tools instance

In file included from ../ext/bson.cc:35:
../ext/bson.h:56:51: error: unknown type name 'Arguments'; did you mean 'v8::internal::Arguments'?
        static Handle<Value> BSONDeserializeStream(const Arguments &args);
                                                         ^~~~~~~~~
                                                         v8::internal::Arguments
/Users/erinnolan/.node-gyp/4.4.4/include/node/v8.h:139:7: note: 'v8::internal::Arguments' declared here
class Arguments;
      ^
In file included from ../ext/bson.cc:35:
../ext/bson.h:59:43: error: unknown type name 'Arguments'; did you mean 'v8::internal::Arguments'?
        static Handle<Value> BSONSerialize(const Arguments &args);
                                                 ^~~~~~~~~
                                                 v8::internal::Arguments
/Users/erinnolan/.node-gyp/4.4.4/include/node/v8.h:139:7: note: 'v8::internal::Arguments' declared here
class Arguments;
      ^
In file included from ../ext/bson.cc:35:
../ext/bson.h:60:45: error: unknown type name 'Arguments'; did you mean 'v8::internal::Arguments'?
        static Handle<Value> BSONDeserialize(const Arguments &args);
                                                   ^~~~~~~~~
                                                   v8::internal::Arguments
/Users/erinnolan/.node-gyp/4.4.4/include/node/v8.h:139:7: note: 'v8::internal::Arguments' declared here
class Arguments;
      ^
In file included from ../ext/bson.cc:35:
../ext/bson.h:63:49: error: unknown type name 'Arguments'; did you mean 'v8::internal::Arguments'?
        static Handle<Value> CalculateObjectSize(const Arguments &args);
                                                       ^~~~~~~~~
                                                       v8::internal::Arguments
/Users/erinnolan/.node-gyp/4.4.4/include/node/v8.h:139:7: note: 'v8::internal::Arguments' declared here
class Arguments;
      ^
In file included from ../ext/bson.cc:35:
../ext/bson.h:64:57: error: unknown type name 'Arguments'; did you mean 'v8::internal::Arguments'?
        static Handle<Value> SerializeWithBufferAndIndex(const Arguments &args);
                                                               ^~~~~~~~~
                                                               v8::internal::Arguments
/Users/erinnolan/.node-gyp/4.4.4/include/node/v8.h:139:7: note: 'v8::internal::Arguments' declared here
class Arguments;
      ^
In file included from ../ext/bson.cc:35:
../ext/bson.h:70:33: error: unknown type name 'Arguments'; did you mean 'v8::internal::Arguments'?
        static Handle<Value> New(const Arguments &args);
                                       ^~~~~~~~~
                                       v8::internal::Arguments
/Users/erinnolan/.node-gyp/4.4.4/include/node/v8.h:139:7: note: 'v8::internal::Arguments' declared here
class Arguments;
      ^
../ext/bson.cc:203:14: error: no matching member function for call to 'Has'
                if(object->Has(bson->_bsontypeString))
                   ~~~~~~~~^~~
/Users/erinnolan/.node-gyp/4.4.4/include/node/v8.h:2665:47: note: candidate function not viable: no known conversion from 'Persistent<v8::String>' to 'Local<v8::Value>' for 1st argument
  V8_DEPRECATE_SOON("Use maybe version", bool Has(Local<Value> key));
                                              ^
/Users/erinnolan/.node-gyp/4.4.4/include/node/v8config.h:347:48: note: expanded from macro 'V8_DEPRECATE_SOON'
#define V8_DEPRECATE_SOON(message, declarator) declarator
                                               ^
/Users/erinnolan/.node-gyp/4.4.4/include/node/v8.h:2673:47: note: candidate function not viable: no known conversion from 'Persistent<v8::String>' to 'uint32_t' (aka 'unsigned int') for 1st argument
  V8_DEPRECATE_SOON("Use maybe version", bool Has(uint32_t index));
                                              ^
/Users/erinnolan/.node-gyp/4.4.4/include/node/v8config.h:347:48: note: expanded from macro 'V8_DEPRECATE_SOON'
#define V8_DEPRECATE_SOON(message, declarator) declarator
                                               ^
/Users/erinnolan/.node-gyp/4.4.4/include/node/v8.h:2666:37: note: candidate function not viable: requires 2 arguments, but 1 was provided
  V8_WARN_UNUSED_RESULT Maybe<bool> Has(Local<Context> context,
                                    ^
/Users/erinnolan/.node-gyp/4.4.4/include/node/v8.h:2674:37: note: candidate function not viable: requires 2 arguments, but 1 was provided
  V8_WARN_UNUSED_RESULT Maybe<bool> Has(Local<Context> context, uint32_t index);
                                    ^
../ext/bson.cc:206:23: error: member reference type 'Persistent<v8::String>' is not a pointer; did you mean to use '.'?
                        if(bson->longString->StrictEquals(constructorString))
                           ~~~~~~~~~~~~~~~~^~
                                           .
../ext/bson.cc:206:25: error: no member named 'StrictEquals' in 'v8::Persistent<v8::String, v8::NonCopyablePersistentTraits<v8::String> >'
                        if(bson->longString->StrictEquals(constructorString))
                           ~~~~~~~~~~~~~~~~  ^
../ext/bson.cc:212:33: error: member reference type 'Persistent<v8::String>' is not a pointer; did you mean to use '.'?
                        else if(bson->timestampString->StrictEquals(constructorString))
                                ~~~~~~~~~~~~~~~~~~~~~^~
                                                     .
../ext/bson.cc:212:35: error: no member named 'StrictEquals' in 'v8::Persistent<v8::String, v8::NonCopyablePersistentTraits<v8::String> >'
                        else if(bson->timestampString->StrictEquals(constructorString))
                                ~~~~~~~~~~~~~~~~~~~~~  ^
../ext/bson.cc:218:32: error: member reference type 'Persistent<v8::String>' is not a pointer; did you mean to use '.'?
                        else if(bson->objectIDString->StrictEquals(constructorString))
                                ~~~~~~~~~~~~~~~~~~~~^~
                                                    .
../ext/bson.cc:218:34: error: no member named 'StrictEquals' in 'v8::Persistent<v8::String, v8::NonCopyablePersistentTraits<v8::String> >'
                        else if(bson->objectIDString->StrictEquals(constructorString))
                                ~~~~~~~~~~~~~~~~~~~~  ^
../ext/bson.cc:223:30: error: member reference type 'Persistent<v8::String>' is not a pointer; did you mean to use '.'?
                        else if(bson->binaryString->StrictEquals(constructorString))
                                ~~~~~~~~~~~~~~~~~~^~
                                                  .
../ext/bson.cc:223:32: error: no member named 'StrictEquals' in 'v8::Persistent<v8::String, v8::NonCopyablePersistentTraits<v8::String> >'
                        else if(bson->binaryString->StrictEquals(constructorString))
                                ~~~~~~~~~~~~~~~~~~  ^
../ext/bson.cc:227:31: error: no matching member function for call to 'Get'
                                uint32_t length = object->Get(bson->_binaryPositionString)->Uint32Value();
                                                  ~~~~~~~~^~~
/Users/erinnolan/.node-gyp/4.4.4/include/node/v8.h:2639:55: note: candidate function not viable: no known conversion from 'Persistent<v8::String>' to 'Local<v8::Value>' for 1st argument
  V8_DEPRECATE_SOON("Use maybe version", Local<Value> Get(Local<Value> key));
                                                      ^
/Users/erinnolan/.node-gyp/4.4.4/include/node/v8config.h:347:48: note: expanded from macro 'V8_DEPRECATE_SOON'
#define V8_DEPRECATE_SOON(message, declarator) declarator
                                               ^
/Users/erinnolan/.node-gyp/4.4.4/include/node/v8.h:2643:55: note: candidate function not viable: no known conversion from 'Persistent<v8::String>' to 'uint32_t' (aka 'unsigned int') for 1st argument
  V8_DEPRECATE_SOON("Use maybe version", Local<Value> Get(uint32_t index));
                                                      ^
/Users/erinnolan/.node-gyp/4.4.4/include/node/v8config.h:347:48: note: expanded from macro 'V8_DEPRECATE_SOON'
#define V8_DEPRECATE_SOON(message, declarator) declarator
                                               ^
/Users/erinnolan/.node-gyp/4.4.4/include/node/v8.h:2640:43: note: candidate function not viable: requires 2 arguments, but 1 was provided
  V8_WARN_UNUSED_RESULT MaybeLocal<Value> Get(Local<Context> context,
                                          ^
/Users/erinnolan/.node-gyp/4.4.4/include/node/v8.h:2644:43: note: candidate function not viable: requires 2 arguments, but 1 was provided
  V8_WARN_UNUSED_RESULT MaybeLocal<Value> Get(Local<Context> context,
                                          ^
../ext/bson.cc:228:39: error: no matching member function for call to 'Get'
                                Local<Object> bufferObj = object->Get(bson->_binaryBufferString)->ToObject();
                                                          ~~~~~~~~^~~
/Users/erinnolan/.node-gyp/4.4.4/include/node/v8.h:2639:55: note: candidate function not viable: no known conversion from 'Persistent<v8::String>' to 'Local<v8::Value>' for 1st argument
  V8_DEPRECATE_SOON("Use maybe version", Local<Value> Get(Local<Value> key));
                                                      ^
/Users/erinnolan/.node-gyp/4.4.4/include/node/v8config.h:347:48: note: expanded from macro 'V8_DEPRECATE_SOON'
#define V8_DEPRECATE_SOON(message, declarator) declarator
                                               ^
/Users/erinnolan/.node-gyp/4.4.4/include/node/v8.h:2643:55: note: candidate function not viable: no known conversion from 'Persistent<v8::String>' to 'uint32_t' (aka 'unsigned int') for 1st argument
  V8_DEPRECATE_SOON("Use maybe version", Local<Value> Get(uint32_t index));
                                                      ^
/Users/erinnolan/.node-gyp/4.4.4/include/node/v8config.h:347:48: note: expanded from macro 'V8_DEPRECATE_SOON'
#define V8_DEPRECATE_SOON(message, declarator) declarator
                                               ^
/Users/erinnolan/.node-gyp/4.4.4/include/node/v8.h:2640:43: note: candidate function not viable: requires 2 arguments, but 1 was provided
  V8_WARN_UNUSED_RESULT MaybeLocal<Value> Get(Local<Context> context,
                                          ^
/Users/erinnolan/.node-gyp/4.4.4/include/node/v8.h:2644:43: note: candidate function not viable: requires 2 arguments, but 1 was provided
  V8_WARN_UNUSED_RESULT MaybeLocal<Value> Get(Local<Context> context,
                                          ^
../ext/bson.cc:233:16: error: no matching member function for call to 'Get'
                                if(object->Get(bson->_binarySubTypeString)->Int32Value() == 0x02) {
                                   ~~~~~~~~^~~
/Users/erinnolan/.node-gyp/4.4.4/include/node/v8.h:2639:55: note: candidate function not viable: no known conversion from 'Persistent<v8::String>' to 'Local<v8::Value>' for 1st argument
  V8_DEPRECATE_SOON("Use maybe version", Local<Value> Get(Local<Value> key));
                                                      ^
/Users/erinnolan/.node-gyp/4.4.4/include/node/v8config.h:347:48: note: expanded from macro 'V8_DEPRECATE_SOON'
#define V8_DEPRECATE_SOON(message, declarator) declarator
                                               ^
/Users/erinnolan/.node-gyp/4.4.4/include/node/v8.h:2643:55: note: candidate function not viable: no known conversion from 'Persistent<v8::String>' to 'uint32_t' (aka 'unsigned int') for 1st argument
  V8_DEPRECATE_SOON("Use maybe version", Local<Value> Get(uint32_t index));
                                                      ^
/Users/erinnolan/.node-gyp/4.4.4/include/node/v8config.h:347:48: note: expanded from macro 'V8_DEPRECATE_SOON'
#define V8_DEPRECATE_SOON(message, declarator) declarator
                                               ^
/Users/erinnolan/.node-gyp/4.4.4/include/node/v8.h:2640:43: note: candidate function not viable: requires 2 arguments, but 1 was provided
  V8_WARN_UNUSED_RESULT MaybeLocal<Value> Get(Local<Context> context,
                                          ^
/Users/erinnolan/.node-gyp/4.4.4/include/node/v8.h:2644:43: note: candidate function not viable: requires 2 arguments, but 1 was provided
  V8_WARN_UNUSED_RESULT MaybeLocal<Value> Get(Local<Context> context,
                                          ^
../ext/bson.cc:239:30: error: member reference type 'Persistent<v8::String>' is not a pointer; did you mean to use '.'?
                        else if(bson->doubleString->StrictEquals(constructorString))
                                ~~~~~~~~~~~~~~~~~~^~
                                                  .
fatal error: too many errors emitted, stopping now [-ferror-limit=]
20 errors generated.
make: *** [Release/obj.target/bson/ext/bson.o] Error 1
gyp ERR! build error 
gyp ERR! stack Error: `make` failed with exit code: 2
gyp ERR! stack     at ChildProcess.onExit (/usr/local/lib/node_modules/npm/node_modules/node-gyp/lib/build.js:276:23)
gyp ERR! stack     at emitTwo (events.js:87:13)
gyp ERR! stack     at ChildProcess.emit (events.js:172:7)
gyp ERR! stack     at Process.ChildProcess._handle.onexit (internal/child_process.js:200:12)
gyp ERR! System Darwin 15.5.0
gyp ERR! command "/usr/local/bin/node" "/usr/local/lib/node_modules/npm/node_modules/node-gyp/bin/node-gyp.js" "rebuild"
gyp ERR! cwd /Users/erinnolan/Documents/Git/polyanno/examples/node_modules/bson
gyp ERR! node -v v4.4.4
gyp ERR! node-gyp -v v3.3.1
gyp ERR! not ok 
